<?xml version="1.0" encoding="UTF-8"?>
<!-- Generated by org.testng.reporters.JUnitXMLReporter -->
<testsuite hostname="SriramManda-PC" ignored="0" name="Test" tests="3" failures="0" timestamp="2020-03-30T10:31:39 IST" time="62.13" errors="0">
  <testcase name="loginToWordpress" time="29.689" classname="cts.miniproject.test.DdExcelWordpressLogin"/>
  <testcase name="loginToWordpress" time="14.17" classname="cts.miniproject.test.DdExcelWordpressLogin"/>
  <testcase name="loginToWordpress" time="13.565" classname="cts.miniproject.test.DdExcelWordpressLogin"/>
</testsuite> <!-- Test -->
